<?xml version="1.0" encoding="UTF-8"?>
<Book xmlns="http://www.books.org/2001/XMLSchema">
    <Title>Fundamentals</Title>
    <Year>2001</Year>
</Book>